  [1m[35m (71.9ms)[0m  [1m[35mCREATE TABLE "schema_migrations" ("version" character varying NOT NULL PRIMARY KEY)[0m
  [1m[35m (95.6ms)[0m  [1m[35mCREATE TABLE "ar_internal_metadata" ("key" character varying NOT NULL PRIMARY KEY, "value" character varying, "created_at" timestamp NOT NULL, "updated_at" timestamp NOT NULL)[0m
  [1m[35m (0.6ms)[0m  [1m[34mSELECT pg_try_advisory_lock(6964379776955633445)[0m
  [1m[35m (1.0ms)[0m  [1m[34mSELECT "schema_migrations"."version" FROM "schema_migrations" ORDER BY "schema_migrations"."version" ASC[0m
Migrating to CreateAds (20180627162405)
  [1m[35m (0.4ms)[0m  [1m[35mBEGIN[0m
  [1m[35m (66.0ms)[0m  [1m[35mCREATE TABLE "ads" ("id" bigserial primary key, "title" character varying, "description" character varying, "price" float, "status" integer, "created_at" timestamp NOT NULL, "updated_at" timestamp NOT NULL)[0m
  [1m[35mSQL (0.8ms)[0m  [1m[32mINSERT INTO "schema_migrations" ("version") VALUES ($1) RETURNING "version"[0m  [["version", "20180627162405"]]
  [1m[35m (8.4ms)[0m  [1m[35mCOMMIT[0m
Migrating to CreateCategories (20180627162427)
  [1m[35m (0.4ms)[0m  [1m[35mBEGIN[0m
  [1m[35m (90.3ms)[0m  [1m[35mCREATE TABLE "categories" ("id" bigserial primary key, "description" character varying, "created_at" timestamp NOT NULL, "updated_at" timestamp NOT NULL)[0m
  [1m[35mSQL (0.6ms)[0m  [1m[32mINSERT INTO "schema_migrations" ("version") VALUES ($1) RETURNING "version"[0m  [["version", "20180627162427"]]
  [1m[35m (13.4ms)[0m  [1m[35mCOMMIT[0m
Migrating to AddCategoryToAd (20180627162435)
  [1m[35m (0.4ms)[0m  [1m[35mBEGIN[0m
  [1m[35m (0.7ms)[0m  [1m[35mALTER TABLE "ads" ADD "cateogry_id" character varying[0m
  [1m[35mSQL (0.8ms)[0m  [1m[32mINSERT INTO "schema_migrations" ("version") VALUES ($1) RETURNING "version"[0m  [["version", "20180627162435"]]
  [1m[35m (10.5ms)[0m  [1m[35mCOMMIT[0m
  [1m[36mActiveRecord::InternalMetadata Load (0.8ms)[0m  [1m[34mSELECT  "ar_internal_metadata".* FROM "ar_internal_metadata" WHERE "ar_internal_metadata"."key" = $1 LIMIT $2[0m  [["key", "environment"], ["LIMIT", 1]]
  [1m[35m (0.4ms)[0m  [1m[35mBEGIN[0m
  [1m[35mSQL (1.0ms)[0m  [1m[32mINSERT INTO "ar_internal_metadata" ("key", "value", "created_at", "updated_at") VALUES ($1, $2, $3, $4) RETURNING "key"[0m  [["key", "environment"], ["value", "development"], ["created_at", "2018-06-27 16:26:15.085519"], ["updated_at", "2018-06-27 16:26:15.085519"]]
  [1m[35m (10.5ms)[0m  [1m[35mCOMMIT[0m
  [1m[35m (0.6ms)[0m  [1m[34mSELECT pg_advisory_unlock(6964379776955633445)[0m
  [1m[35m (0.6ms)[0m  [1m[34mSELECT "schema_migrations"."version" FROM "schema_migrations" ORDER BY "schema_migrations"."version" ASC[0m
  [1m[35m (0.1ms)[0m  [1m[34mSELECT pg_try_advisory_lock(6964379776955633445)[0m
  [1m[35m (0.4ms)[0m  [1m[34mSELECT "schema_migrations"."version" FROM "schema_migrations" ORDER BY "schema_migrations"."version" ASC[0m
Migrating to DeviseCreateUsers (20180627162642)
  [1m[35m (0.2ms)[0m  [1m[35mBEGIN[0m
  [1m[35m (75.0ms)[0m  [1m[35mCREATE TABLE "users" ("id" bigserial primary key, "email" character varying DEFAULT '' NOT NULL, "encrypted_password" character varying DEFAULT '' NOT NULL, "name" character varying, "phonenumber" character varying, "address" character varying, "reset_password_token" character varying, "reset_password_sent_at" timestamp, "remember_created_at" timestamp, "sign_in_count" integer DEFAULT 0 NOT NULL, "current_sign_in_at" timestamp, "last_sign_in_at" timestamp, "current_sign_in_ip" inet, "last_sign_in_ip" inet, "created_at" timestamp NOT NULL, "updated_at" timestamp NOT NULL)[0m
  [1m[35m (37.7ms)[0m  [1m[35mCREATE UNIQUE INDEX  "index_users_on_email" ON "users"  ("email")[0m
  [1m[35m (21.7ms)[0m  [1m[35mCREATE UNIQUE INDEX  "index_users_on_reset_password_token" ON "users"  ("reset_password_token")[0m
  [1m[35mSQL (0.6ms)[0m  [1m[32mINSERT INTO "schema_migrations" ("version") VALUES ($1) RETURNING "version"[0m  [["version", "20180627162642"]]
  [1m[35m (17.0ms)[0m  [1m[35mCOMMIT[0m
  [1m[36mActiveRecord::InternalMetadata Load (0.8ms)[0m  [1m[34mSELECT  "ar_internal_metadata".* FROM "ar_internal_metadata" WHERE "ar_internal_metadata"."key" = $1 LIMIT $2[0m  [["key", "environment"], ["LIMIT", 1]]
  [1m[35m (0.4ms)[0m  [1m[35mBEGIN[0m
  [1m[35m (0.3ms)[0m  [1m[35mCOMMIT[0m
  [1m[35m (0.6ms)[0m  [1m[34mSELECT pg_advisory_unlock(6964379776955633445)[0m
  [1m[35m (0.6ms)[0m  [1m[34mSELECT "schema_migrations"."version" FROM "schema_migrations" ORDER BY "schema_migrations"."version" ASC[0m
  [1m[35m (0.2ms)[0m  [1m[34mSELECT pg_try_advisory_lock(6964379776955633445)[0m
  [1m[35m (0.4ms)[0m  [1m[34mSELECT "schema_migrations"."version" FROM "schema_migrations" ORDER BY "schema_migrations"."version" ASC[0m
  [1m[36mActiveRecord::InternalMetadata Load (0.3ms)[0m  [1m[34mSELECT  "ar_internal_metadata".* FROM "ar_internal_metadata" WHERE "ar_internal_metadata"."key" = $1 LIMIT $2[0m  [["key", "environment"], ["LIMIT", 1]]
  [1m[35m (0.2ms)[0m  [1m[35mBEGIN[0m
  [1m[35m (0.2ms)[0m  [1m[35mCOMMIT[0m
  [1m[35m (0.3ms)[0m  [1m[34mSELECT pg_advisory_unlock(6964379776955633445)[0m
  [1m[35m (0.3ms)[0m  [1m[34mSELECT "schema_migrations"."version" FROM "schema_migrations" ORDER BY "schema_migrations"."version" ASC[0m
Started GET "/" for 127.0.0.1 at 2018-06-27 13:32:43 -0300
  [1m[35m (0.4ms)[0m  [1m[34mSELECT "schema_migrations"."version" FROM "schema_migrations" ORDER BY "schema_migrations"."version" ASC[0m
Processing by Rails::WelcomeController#index as HTML
  Rendering /var/lib/gems/2.3.0/gems/railties-5.1.6/lib/rails/templates/rails/welcome/index.html.erb
  Rendered /var/lib/gems/2.3.0/gems/railties-5.1.6/lib/rails/templates/rails/welcome/index.html.erb (2.5ms)
Completed 200 OK in 11ms (Views: 4.6ms | ActiveRecord: 0.0ms)


Started GET "/ads" for 127.0.0.1 at 2018-06-27 13:32:52 -0300
Processing by AdsController#index as HTML
  Rendering ads/index.html.erb within layouts/application
  [1m[36mAd Load (0.4ms)[0m  [1m[34mSELECT "ads".* FROM "ads"[0m
  Rendered ads/index.html.erb within layouts/application (3.8ms)
Completed 200 OK in 4752ms (Views: 4748.3ms | ActiveRecord: 1.5ms)


Started GET "/ads" for 127.0.0.1 at 2018-06-27 13:37:50 -0300
Processing by AdsController#index as HTML
  Rendering ads/index.html.erb within layouts/application
  [1m[36mAd Load (0.6ms)[0m  [1m[34mSELECT "ads".* FROM "ads"[0m
  Rendered ads/index.html.erb within layouts/application (3.9ms)
  Rendered layouts/_menu.html.erb (274.7ms)
Completed 500 Internal Server Error in 315ms (ActiveRecord: 0.6ms)


  
ActionView::Template::Error (undefined local variable or method `root_path' for #<#<Class:0x007f551c04ff60>:0x007f551e9020c0>
Did you mean?  font_path):
     8:         <span class="icon-bar"></span>
     9:         <span class="icon-bar"></span>
    10:       </button>
    11:       <a class="navbar-brand" href="<%= root_path %>">Blogão</a>
    12:     </div>
    13: 
    14:     <!-- Collect the nav links, forms, and other content for toggling -->
  
app/views/layouts/_menu.html.erb:11:in `_app_views_layouts__menu_html_erb__1645616088427929186_70001775326380'
app/views/layouts/application.html.erb:12:in `_app_views_layouts_application_html_erb__4312012218521685798_70001780483860'
Started GET "/ads" for 127.0.0.1 at 2018-06-27 13:38:50 -0300
Processing by AdsController#index as HTML
  Rendering ads/index.html.erb within layouts/application
  [1m[36mAd Load (0.2ms)[0m  [1m[34mSELECT "ads".* FROM "ads"[0m
  Rendered ads/index.html.erb within layouts/application (3.1ms)
  Rendered layouts/_menu.html.erb (3.2ms)
Completed 200 OK in 22ms (Views: 19.3ms | ActiveRecord: 1.3ms)


Started GET "/" for 127.0.0.1 at 2018-06-27 13:38:52 -0300
Processing by AdsController#homepage as HTML
  Rendering ads/homepage.html.erb within layouts/application
  Rendered ads/homepage.html.erb within layouts/application (0.3ms)
  Rendered layouts/_menu.html.erb (1.0ms)
Completed 200 OK in 16ms (Views: 15.7ms | ActiveRecord: 0.0ms)


Started GET "/users/sign_up" for 127.0.0.1 at 2018-06-27 13:38:54 -0300
Processing by Devise::RegistrationsController#new as HTML
  Rendering /var/lib/gems/2.3.0/gems/devise-4.4.3/app/views/devise/registrations/new.html.erb within layouts/application
  Rendered /var/lib/gems/2.3.0/gems/devise-4.4.3/app/views/devise/shared/_links.html.erb (0.8ms)
  Rendered /var/lib/gems/2.3.0/gems/devise-4.4.3/app/views/devise/registrations/new.html.erb within layouts/application (277.2ms)
  Rendered layouts/_menu.html.erb (0.8ms)
Completed 200 OK in 317ms (Views: 295.1ms | ActiveRecord: 5.3ms)


Started GET "/users/sign_in" for 127.0.0.1 at 2018-06-27 13:38:55 -0300
Processing by Devise::SessionsController#new as HTML
  Rendering /var/lib/gems/2.3.0/gems/devise-4.4.3/app/views/devise/sessions/new.html.erb within layouts/application
  Rendered /var/lib/gems/2.3.0/gems/devise-4.4.3/app/views/devise/shared/_links.html.erb (1.9ms)
  Rendered /var/lib/gems/2.3.0/gems/devise-4.4.3/app/views/devise/sessions/new.html.erb within layouts/application (10.9ms)
  Rendered layouts/_menu.html.erb (0.9ms)
Completed 200 OK in 42ms (Views: 37.7ms | ActiveRecord: 0.0ms)


Started GET "/users/sign_up" for 127.0.0.1 at 2018-06-27 13:38:56 -0300
Processing by Devise::RegistrationsController#new as HTML
  Rendering /var/lib/gems/2.3.0/gems/devise-4.4.3/app/views/devise/registrations/new.html.erb within layouts/application
  Rendered /var/lib/gems/2.3.0/gems/devise-4.4.3/app/views/devise/shared/_links.html.erb (1.7ms)
  Rendered /var/lib/gems/2.3.0/gems/devise-4.4.3/app/views/devise/registrations/new.html.erb within layouts/application (9.8ms)
  Rendered layouts/_menu.html.erb (0.9ms)
Completed 200 OK in 43ms (Views: 41.2ms | ActiveRecord: 0.0ms)


Started GET "/users/sign_in" for 127.0.0.1 at 2018-06-27 13:38:57 -0300
Processing by Devise::SessionsController#new as HTML
  Rendering /var/lib/gems/2.3.0/gems/devise-4.4.3/app/views/devise/sessions/new.html.erb within layouts/application
  Rendered /var/lib/gems/2.3.0/gems/devise-4.4.3/app/views/devise/shared/_links.html.erb (2.3ms)
  Rendered /var/lib/gems/2.3.0/gems/devise-4.4.3/app/views/devise/sessions/new.html.erb within layouts/application (9.6ms)
  Rendered layouts/_menu.html.erb (1.2ms)
Completed 200 OK in 46ms (Views: 43.9ms | ActiveRecord: 0.0ms)


Started GET "/users/sign_up" for 127.0.0.1 at 2018-06-27 13:38:58 -0300
Processing by Devise::RegistrationsController#new as HTML
  Rendering /var/lib/gems/2.3.0/gems/devise-4.4.3/app/views/devise/registrations/new.html.erb within layouts/application
  Rendered /var/lib/gems/2.3.0/gems/devise-4.4.3/app/views/devise/shared/_links.html.erb (3.6ms)
  Rendered /var/lib/gems/2.3.0/gems/devise-4.4.3/app/views/devise/registrations/new.html.erb within layouts/application (12.5ms)
  Rendered layouts/_menu.html.erb (1.0ms)
Completed 200 OK in 47ms (Views: 43.6ms | ActiveRecord: 0.0ms)


Started GET "/users/sign_up" for 127.0.0.1 at 2018-06-27 13:42:06 -0300
Processing by Devise::RegistrationsController#new as HTML
  Rendering devise/registrations/new.html.erb within layouts/application
  Rendered devise/shared/_links.html.erb (1.0ms)
  Rendered devise/registrations/new.html.erb within layouts/application (5.0ms)
  Rendered layouts/_menu.html.erb (0.9ms)
Completed 200 OK in 29ms (Views: 28.4ms | ActiveRecord: 0.0ms)


Started POST "/users" for 127.0.0.1 at 2018-06-27 13:42:31 -0300
Processing by Devise::RegistrationsController#create as HTML
  Parameters: {"utf8"=>"✓", "authenticity_token"=>"KuUylruwQ8R0gTew0WZ7D7CVCga6ikZd4pM7K0gIdedmu95iwGyini+Z4C/cQuvzRuZBFPNbu+UQoXJwHJTX1A==", "user"=>{"email"=>"teste@teste.com", "name"=>"Teste", "phonenumber"=>"(45) 9999-9999", "address"=>"Rua Teste, Toledo - PR", "password"=>"[FILTERED]", "password_confirmation"=>"[FILTERED]"}, "commit"=>"Sign up"}
Unpermitted parameters: :name, :phonenumber, :address
  [1m[35m (0.2ms)[0m  [1m[35mBEGIN[0m
  [1m[36mUser Exists (0.6ms)[0m  [1m[34mSELECT  1 AS one FROM "users" WHERE "users"."email" = $1 LIMIT $2[0m  [["email", "teste@teste.com"], ["LIMIT", 1]]
  [1m[35mSQL (0.4ms)[0m  [1m[32mINSERT INTO "users" ("email", "encrypted_password", "created_at", "updated_at") VALUES ($1, $2, $3, $4) RETURNING "id"[0m  [["email", "teste@teste.com"], ["encrypted_password", "$2a$11$iCuGM/g8z3GIonlmoPfoYeOPXcNjTsjGY2lU2T8swPGmGS1DMIe7K"], ["created_at", "2018-06-27 16:42:31.401114"], ["updated_at", "2018-06-27 16:42:31.401114"]]
  [1m[35m (14.0ms)[0m  [1m[35mCOMMIT[0m
  [1m[35m (0.2ms)[0m  [1m[35mBEGIN[0m
  [1m[35mSQL (0.4ms)[0m  [1m[33mUPDATE "users" SET "sign_in_count" = $1, "current_sign_in_at" = $2, "last_sign_in_at" = $3, "current_sign_in_ip" = $4, "last_sign_in_ip" = $5, "updated_at" = $6 WHERE "users"."id" = $7[0m  [["sign_in_count", 1], ["current_sign_in_at", "2018-06-27 16:42:31.416921"], ["last_sign_in_at", "2018-06-27 16:42:31.416921"], ["current_sign_in_ip", "127.0.0.1/32"], ["last_sign_in_ip", "127.0.0.1/32"], ["updated_at", "2018-06-27 16:42:31.417533"], ["id", 1]]
  [1m[35m (4.8ms)[0m  [1m[35mCOMMIT[0m
Redirected to http://localhost:3000/
Completed 302 Found in 157ms (ActiveRecord: 20.7ms)


Started GET "/" for 127.0.0.1 at 2018-06-27 13:42:31 -0300
Processing by AdsController#homepage as HTML
  Rendering ads/homepage.html.erb within layouts/application
  Rendered ads/homepage.html.erb within layouts/application (0.2ms)
  [1m[36mUser Load (0.5ms)[0m  [1m[34mSELECT  "users".* FROM "users" WHERE "users"."id" = $1 ORDER BY "users"."id" ASC LIMIT $2[0m  [["id", 1], ["LIMIT", 1]]
  Rendered layouts/_menu.html.erb (3.0ms)
Completed 200 OK in 20ms (Views: 18.6ms | ActiveRecord: 0.5ms)


Started GET "/" for 127.0.0.1 at 2018-06-27 13:42:33 -0300
Processing by AdsController#homepage as HTML
  Rendering ads/homepage.html.erb within layouts/application
  Rendered ads/homepage.html.erb within layouts/application (0.7ms)
  [1m[36mUser Load (0.4ms)[0m  [1m[34mSELECT  "users".* FROM "users" WHERE "users"."id" = $1 ORDER BY "users"."id" ASC LIMIT $2[0m  [["id", 1], ["LIMIT", 1]]
  Rendered layouts/_menu.html.erb (2.8ms)
Completed 200 OK in 38ms (Views: 35.3ms | ActiveRecord: 0.4ms)


Started GET "/users/edit" for 127.0.0.1 at 2018-06-27 13:42:35 -0300
Processing by Devise::RegistrationsController#edit as HTML
  [1m[36mUser Load (0.9ms)[0m  [1m[34mSELECT  "users".* FROM "users" WHERE "users"."id" = $1 ORDER BY "users"."id" ASC LIMIT $2[0m  [["id", 1], ["LIMIT", 1]]
  Rendering devise/registrations/edit.html.erb within layouts/application
  Rendered devise/registrations/edit.html.erb within layouts/application (8.9ms)
  Rendered layouts/_menu.html.erb (0.7ms)
Completed 200 OK in 46ms (Views: 40.8ms | ActiveRecord: 0.9ms)


Started GET "/users/edit" for 127.0.0.1 at 2018-06-27 13:42:59 -0300
Processing by Devise::RegistrationsController#edit as HTML
  [1m[36mUser Load (0.8ms)[0m  [1m[34mSELECT  "users".* FROM "users" WHERE "users"."id" = $1 ORDER BY "users"."id" ASC LIMIT $2[0m  [["id", 1], ["LIMIT", 1]]
  Rendering devise/registrations/edit.html.erb within layouts/application
  Rendered devise/registrations/edit.html.erb within layouts/application (9.6ms)
  Rendered layouts/_menu.html.erb (0.8ms)
Completed 200 OK in 47ms (Views: 42.2ms | ActiveRecord: 0.8ms)


Started GET "/users/edit" for 127.0.0.1 at 2018-06-27 13:43:03 -0300
Processing by Devise::RegistrationsController#edit as HTML
  [1m[36mUser Load (0.8ms)[0m  [1m[34mSELECT  "users".* FROM "users" WHERE "users"."id" = $1 ORDER BY "users"."id" ASC LIMIT $2[0m  [["id", 1], ["LIMIT", 1]]
  Rendering devise/registrations/edit.html.erb within layouts/application
  Rendered devise/registrations/edit.html.erb within layouts/application (9.2ms)
  Rendered layouts/_menu.html.erb (0.7ms)
Completed 200 OK in 44ms (Views: 39.2ms | ActiveRecord: 0.8ms)


Started PUT "/users" for 127.0.0.1 at 2018-06-27 13:43:27 -0300
Processing by Devise::RegistrationsController#update as HTML
  Parameters: {"utf8"=>"✓", "authenticity_token"=>"SXaH+2HWy6H6zTbBRdT8x9Y/UfEMQlwkEQp3EAhEVCvAGWT7Q+zyRg5JKeFsZe0ELyiLepO8MIZDywcB2XvfXg==", "user"=>{"email"=>"teste@teste.com", "name"=>"eteste3", "phonenumber"=>"", "address"=>"", "password"=>"[FILTERED]", "password_confirmation"=>"[FILTERED]", "current_password"=>"[FILTERED]"}, "commit"=>"Update"}
  [1m[36mUser Load (0.8ms)[0m  [1m[34mSELECT  "users".* FROM "users" WHERE "users"."id" = $1 ORDER BY "users"."id" ASC LIMIT $2[0m  [["id", 1], ["LIMIT", 1]]
  [1m[36mUser Load (0.8ms)[0m  [1m[34mSELECT  "users".* FROM "users" WHERE "users"."id" = $1 LIMIT $2[0m  [["id", 1], ["LIMIT", 1]]
Unpermitted parameters: :name, :phonenumber, :address
  Rendering devise/registrations/edit.html.erb within layouts/application
  Rendered devise/registrations/edit.html.erb within layouts/application (3.1ms)
  Rendered layouts/_menu.html.erb (0.7ms)
Completed 200 OK in 197ms (Views: 27.4ms | ActiveRecord: 2.1ms)


Started PUT "/users" for 127.0.0.1 at 2018-06-27 13:43:31 -0300
Processing by Devise::RegistrationsController#update as HTML
  Parameters: {"utf8"=>"✓", "authenticity_token"=>"ldzKN83nmpAPXd9EImLKZKqs8HwcUhIKCS5KDL3w/ifZgibDtjt7ylRFCNsvRlqYXN+7blWD77L7HANX6WxcFA==", "user"=>{"email"=>"teste@teste.com", "name"=>"", "phonenumber"=>"", "address"=>"", "password"=>"[FILTERED]", "password_confirmation"=>"[FILTERED]", "current_password"=>"[FILTERED]"}, "commit"=>"Update"}
  [1m[36mUser Load (0.3ms)[0m  [1m[34mSELECT  "users".* FROM "users" WHERE "users"."id" = $1 ORDER BY "users"."id" ASC LIMIT $2[0m  [["id", 1], ["LIMIT", 1]]
  [1m[36mUser Load (0.4ms)[0m  [1m[34mSELECT  "users".* FROM "users" WHERE "users"."id" = $1 LIMIT $2[0m  [["id", 1], ["LIMIT", 1]]
Unpermitted parameters: :name, :phonenumber, :address
  [1m[35m (0.4ms)[0m  [1m[35mBEGIN[0m
  [1m[35m (0.2ms)[0m  [1m[35mCOMMIT[0m
Redirected to http://localhost:3000/
Completed 302 Found in 123ms (ActiveRecord: 1.3ms)


Started GET "/" for 127.0.0.1 at 2018-06-27 13:43:31 -0300
Processing by AdsController#homepage as HTML
  Rendering ads/homepage.html.erb within layouts/application
  Rendered ads/homepage.html.erb within layouts/application (0.2ms)
  [1m[36mUser Load (0.3ms)[0m  [1m[34mSELECT  "users".* FROM "users" WHERE "users"."id" = $1 ORDER BY "users"."id" ASC LIMIT $2[0m  [["id", 1], ["LIMIT", 1]]
  Rendered layouts/_menu.html.erb (1.9ms)
Completed 200 OK in 18ms (Views: 17.0ms | ActiveRecord: 0.3ms)


Started GET "/users/edit" for 127.0.0.1 at 2018-06-27 13:43:33 -0300
Processing by Devise::RegistrationsController#edit as HTML
  [1m[36mUser Load (0.8ms)[0m  [1m[34mSELECT  "users".* FROM "users" WHERE "users"."id" = $1 ORDER BY "users"."id" ASC LIMIT $2[0m  [["id", 1], ["LIMIT", 1]]
  Rendering devise/registrations/edit.html.erb within layouts/application
  Rendered devise/registrations/edit.html.erb within layouts/application (9.6ms)
  Rendered layouts/_menu.html.erb (0.8ms)
Completed 200 OK in 53ms (Views: 47.7ms | ActiveRecord: 0.8ms)


